<?xml version="1.0" encoding="UTF-8"?>
<!-- Generated by org.testng.reporters.JUnitReportReporter -->
<testsuite hostname="Bye-Bye" failures="0" tests="1" name="TeacherLoginTest" time="8.544" errors="0" timestamp="2024-06-17T12:07:22 IST" skipped="0">
  <testcase classname="TeacherLoginTest" name="adminLogin" time="8.544"/>
  <system-out>
    <![CDATA[Name:balaji]]>
  </system-out>
</testsuite> <!-- TeacherLoginTest -->
