<?xml version="1.0" encoding="UTF-8"?>
<!-- Generated by org.testng.reporters.JUnitReportReporter -->
<testsuite hostname="Bye-Bye" failures="0" tests="1" name="AdminLogin" time="38.041" errors="0" timestamp="2024-06-17T11:28:12 IST" skipped="0">
  <testcase classname="AdminLogin" name="adminLogin" time="38.041"/>
  <system-out/>
</testsuite> <!-- AdminLogin -->
