<?xml version="1.0" encoding="UTF-8"?>
<!-- Generated by org.testng.reporters.JUnitReportReporter -->
<testsuite hostname="Bye-Bye" failures="0" tests="1" name="AdminLoginTest" time="8.801" errors="0" timestamp="2024-06-17T12:07:57 IST" skipped="0">
  <testcase classname="AdminLoginTest" name="adminLogin" time="8.801"/>
  <system-out>
    <![CDATA[Name:smitha
Name:venkatesh
Name:mithun
Name:shairam]]>
  </system-out>
</testsuite> <!-- AdminLoginTest -->
